<?xml version="1.0" encoding="UTF-8"?>
<!-- Generated by org.testng.reporters.JUnitXMLReporter -->
<testsuite ignored="0" hostname="DESKTOP-F1VCC58" failures="0" tests="3" name="PageObjectE2ETest" time="71.01" errors="0" timestamp="2024-04-08T13:10:10 IST">
  <testcase classname="Nalini.PageObjectE2ETest" name="submitOrder" time="19.278"/>
  <testcase classname="Nalini.PageObjectE2ETest" name="submitOrder" time="19.291"/>
  <testcase classname="Nalini.PageObjectE2ETest" name="OrderHistroyTest" time="1.64"/>
</testsuite> <!-- PageObjectE2ETest -->
