<?xml version="1.0" encoding="UTF-8"?>
<!-- Generated by org.testng.reporters.JUnitXMLReporter -->
<testsuite ignored="0" hostname="DESKTOP-F1VCC58" failures="0" tests="3" name="PageObjectE2ETest" time="59.131" errors="0" timestamp="2024-04-01T13:55:48 IST">
  <testcase classname="Nalini.PageObjectE2ETest" name="submitOrder" time="20.037"/>
  <testcase classname="Nalini.PageObjectE2ETest" name="submitOrder" time="19.309"/>
  <testcase classname="Nalini.PageObjectE2ETest" name="OrderHistroyTest" time="0.889"/>
</testsuite> <!-- PageObjectE2ETest -->
